<?xml version="1.0" encoding="UTF-8"?>
<testng-results skipped="0" failed="0" ignored="0" total="1" passed="1">
  <reporter-output>
  </reporter-output>
  <suite name="Suite" duration-ms="26642" started-at="2017-09-02T15:21:02Z" finished-at="2017-09-02T15:21:28Z">
    <groups>
    </groups>
    <test name="Test" duration-ms="26642" started-at="2017-09-02T15:21:02Z" finished-at="2017-09-02T15:21:28Z">
      <class name="com.seleniumtesting.automationtesting.Login">
        <test-method status="PASS" signature="f()[pri:0, instance:com.seleniumtesting.automationtesting.Login@5e5792a0]" name="f" duration-ms="26608" started-at="2017-09-02T20:51:02Z" finished-at="2017-09-02T20:51:28Z">
          <reporter-output>
          </reporter-output>
        </test-method> <!-- f -->
      </class> <!-- com.seleniumtesting.automationtesting.Login -->
    </test> <!-- Test -->
  </suite> <!-- Suite -->
</testng-results>
