<?xml version="1.0" encoding="UTF-8"?>
<!-- Generated by org.testng.reporters.JUnitXMLReporter -->
<testsuite hostname="KirubanandR" name="Default test" tests="3" failures="0" timestamp="7 Oct 2017 15:55:17 GMT" time="0.04" errors="0">
  <testcase name="test01" time="0.02" classname="com.sample.test.SeleniumSample.SampleTest"/>
  <testcase name="test02" time="0.0" classname="com.sample.test.SeleniumSample.SampleTest"/>
  <testcase name="test03" time="0.0" classname="com.sample.test.SeleniumSample.SampleTest"/>
</testsuite> <!-- Default test -->
