<?xml version="1.0" encoding="UTF-8"?>
<!-- Generated by org.testng.reporters.JUnitXMLReporter -->
<testsuite hostname="KirubanandR" ignored="0" name="Default test" tests="3" failures="0" timestamp="18 Jul 2017 06:47:36 GMT" time="0.032" errors="0">
  <testcase name="setData" time="0.005" classname="com.testing.tesng.Sampletestng"/>
  <testcase name="setData" time="0.0" classname="com.testing.tesng.Sampletestng"/>
  <testcase name="setData" time="0.001" classname="com.testing.tesng.Sampletestng"/>
</testsuite> <!-- Default test -->
