<?xml version="1.0" encoding="UTF-8"?>
<!-- Generated by org.testng.reporters.JUnitXMLReporter -->
<testsuite hostname="KirubanandR" ignored="0" name="Test" tests="3" failures="0" timestamp="08 Sep 2017 12:34:25 GMT" time="184.288" errors="0">
  <testcase name="logintest" time="48.197" classname="Com.CPQ.Tests.Sample"/>
  <testcase name="logintest" time="48.038" classname="Com.CPQ.Tests.Sample"/>
  <testcase name="logintest" time="49.013" classname="Com.CPQ.Tests.Sample"/>
</testsuite> <!-- Test -->
