<?xml version="1.0" encoding="UTF-8"?>
<!-- Generated by org.testng.reporters.JUnitXMLReporter -->
<testsuite hostname="KirubanandR" ignored="0" name="Test" tests="1" failures="1" timestamp="24 Jun 2017 15:55:35 GMT" time="0.043" errors="0">
  <testcase name="Test_01" time="0.016" classname="com.org.RestApi.samplegetrequest">
    <failure type="java.lang.NoClassDefFoundError" message="groovy/lang/GroovyObject">
      <![CDATA[java.lang.NoClassDefFoundError: groovy/lang/GroovyObject
	at java.lang.ClassLoader.defineClass1(Native Method)
	at java.lang.ClassLoader.defineClass(Unknown Source)
	at java.security.SecureClassLoader.defineClass(Unknown Source)
	at java.net.URLClassLoader.defineClass(Unknown Source)
	at java.net.URLClassLoader.access$100(Unknown Source)
	at java.net.URLClassLoader$1.run(Unknown Source)
	at java.net.URLClassLoader$1.run(Unknown Source)
	at java.security.AccessController.doPrivileged(Native Method)
	at java.net.URLClassLoader.findClass(Unknown Source)
	at java.lang.ClassLoader.loadClass(Unknown Source)
	at sun.misc.Launcher$AppClassLoader.loadClass(Unknown Source)
	at java.lang.ClassLoader.loadClass(Unknown Source)
	at com.jayway.restassured.RestAssured.<clinit>(RestAssured.java:349)
	at com.org.RestApi.samplegetrequest.Test_01(samplegetrequest.java:11)
Caused by: java.lang.ClassNotFoundException: groovy.lang.GroovyObject
	at java.net.URLClassLoader.findClass(Unknown Source)
	at java.lang.ClassLoader.loadClass(Unknown Source)
	at sun.misc.Launcher$AppClassLoader.loadClass(Unknown Source)
	at java.lang.ClassLoader.loadClass(Unknown Source)
	... 39 more
... Removed 25 stack frames]]>
    </failure>
  </testcase> <!-- Test_01 -->
</testsuite> <!-- Test -->
