<?xml version="1.0" encoding="UTF-8"?>
<!-- Generated by org.testng.reporters.JUnitXMLReporter -->
<testsuite hostname="KirubanandR" ignored="0" name="Default test" tests="3" failures="0" timestamp="09 Sep 2017 17:41:52 GMT" time="0.099" errors="0">
  <testcase name="testone" time="0.03" classname="com.test.SalesforceAutomationTestng.SampleTest"/>
  <testcase name="testthrid" time="0.002" classname="com.test.SalesforceAutomationTestng.SampleTest"/>
  <testcase name="testtwo" time="0.008" classname="com.test.SalesforceAutomationTestng.SampleTest"/>
</testsuite> <!-- Default test -->
