<?xml version="1.0" encoding="UTF-8"?>
<testng-results skipped="0" failed="0" total="2" passed="2">
  <reporter-output>
  </reporter-output>
  <suite name="Default suite" duration-ms="51" started-at="2014-02-25T18:55:26Z" finished-at="2014-02-25T18:55:26Z">
    <groups>
    </groups>
    <test name="Default test" duration-ms="51" started-at="2014-02-25T18:55:26Z" finished-at="2014-02-25T18:55:26Z">
      <class name="com.stepper.testase.Testsuite3">
        <test-method status="PASS" signature="testcase0()[pri:0, instance:com.stepper.testase.Testsuite3@713f85de]" name="testcase0" is-config="true" duration-ms="10" started-at="2014-02-26T00:25:26Z" finished-at="2014-02-26T00:25:26Z">
          <reporter-output>
          </reporter-output>
        </test-method> <!-- testcase0 -->
        <test-method status="PASS" signature="testcase1()[pri:0, instance:com.stepper.testase.Testsuite3@713f85de]" name="testcase1" duration-ms="10" started-at="2014-02-26T00:25:26Z" finished-at="2014-02-26T00:25:26Z">
          <reporter-output>
          </reporter-output>
        </test-method> <!-- testcase1 -->
        <test-method status="PASS" signature="testcase2()[pri:0, instance:com.stepper.testase.Testsuite3@713f85de]" name="testcase2" is-config="true" duration-ms="0" started-at="2014-02-26T00:25:26Z" finished-at="2014-02-26T00:25:26Z">
          <reporter-output>
          </reporter-output>
        </test-method> <!-- testcase2 -->
        <test-method status="PASS" signature="testcase2()[pri:0, instance:com.stepper.testase.Testsuite3@713f85de]" name="testcase2" is-config="true" duration-ms="0" started-at="2014-02-26T00:25:26Z" finished-at="2014-02-26T00:25:26Z">
          <reporter-output>
          </reporter-output>
        </test-method> <!-- testcase2 -->
        <test-method status="PASS" signature="testcase3()[pri:0, instance:com.stepper.testase.Testsuite3@713f85de]" name="testcase3" is-config="true" duration-ms="0" started-at="2014-02-26T00:25:26Z" finished-at="2014-02-26T00:25:26Z">
          <reporter-output>
          </reporter-output>
        </test-method> <!-- testcase3 -->
        <test-method status="PASS" signature="testcase12()[pri:0, instance:com.stepper.testase.Testsuite3@713f85de]" name="testcase12" duration-ms="10" started-at="2014-02-26T00:25:26Z" finished-at="2014-02-26T00:25:26Z">
          <reporter-output>
          </reporter-output>
        </test-method> <!-- testcase12 -->
        <test-method status="PASS" signature="testcase4()[pri:0, instance:com.stepper.testase.Testsuite3@713f85de]" name="testcase4" is-config="true" duration-ms="0" started-at="2014-02-26T00:25:26Z" finished-at="2014-02-26T00:25:26Z">
          <reporter-output>
          </reporter-output>
        </test-method> <!-- testcase4 -->
        <test-method status="PASS" signature="testcase3()[pri:0, instance:com.stepper.testase.Testsuite3@713f85de]" name="testcase3" is-config="true" duration-ms="0" started-at="2014-02-26T00:25:26Z" finished-at="2014-02-26T00:25:26Z">
          <reporter-output>
          </reporter-output>
        </test-method> <!-- testcase3 -->
      </class> <!-- com.stepper.testase.Testsuite3 -->
    </test> <!-- Default test -->
  </suite> <!-- Default suite -->
</testng-results>
