<?xml version="1.0" encoding="UTF-8"?>
<!-- Generated by org.testng.reporters.JUnitXMLReporter -->
<testsuite hostname="kiruba-VAIO" name="Test" tests="4" failures="0" timestamp="30 May 2013 06:17:45 GMT" time="0.079" errors="0">
  <testcase name="firsttest" time="0.032" classname="FrameworkWebdriver.Run1"/>
  <testcase name="secondtest" time="0.0" classname="FrameworkWebdriver.Run1"/>
  <testcase name="thirdtest" time="0.0" classname="FrameworkWebdriver.Run2"/>
  <testcase name="fourthtest" time="0.0" classname="FrameworkWebdriver.Run2"/>
</testsuite> <!-- Test -->
