<?xml version="1.0" encoding="UTF-8"?>
<testng-results skipped="0" failed="0" total="1" passed="1">
  <reporter-output>
  </reporter-output>
  <suite name="Default suite" duration-ms="16479" started-at="2013-06-19T12:33:31Z" finished-at="2013-06-19T12:33:47Z">
    <groups>
    </groups>
    <test name="Default test" duration-ms="16479" started-at="2013-06-19T12:33:31Z" finished-at="2013-06-19T12:33:47Z">
      <class name="Pratice.NewTest">
        <test-method status="PASS" signature="f()[pri:0, instance:Pratice.NewTest@59ea632e]" name="f" duration-ms="16458" started-at="2013-06-19T18:03:31Z" finished-at="2013-06-19T18:03:47Z">
          <reporter-output>
          </reporter-output>
        </test-method> <!-- f -->
      </class> <!-- Pratice.NewTest -->
    </test> <!-- Default test -->
  </suite> <!-- Default suite -->
</testng-results>
