<?xml version="1.0" encoding="UTF-8"?>
<testng-results skipped="0" failed="0" ignored="0" total="1" passed="1">
  <reporter-output>
  </reporter-output>
  <suite name="Suite" duration-ms="26381" started-at="2017-09-12T12:04:02Z" finished-at="2017-09-12T12:04:28Z">
    <groups>
    </groups>
    <test name="Test" duration-ms="26381" started-at="2017-09-12T12:04:02Z" finished-at="2017-09-12T12:04:28Z">
      <class name="com.SFDCsample.tests.SDFCSample.SampleTest">
        <test-method status="PASS" signature="launchingbrowser()[pri:0, instance:com.SFDCsample.tests.SDFCSample.SampleTest@1e88b3c]" name="launchingbrowser" is-config="true" duration-ms="8412" started-at="2017-09-12T17:34:02Z" finished-at="2017-09-12T17:34:10Z">
          <reporter-output>
          </reporter-output>
        </test-method> <!-- launchingbrowser -->
        <test-method status="PASS" signature="test01()[pri:0, instance:com.SFDCsample.tests.SDFCSample.SampleTest@1e88b3c]" name="test01" duration-ms="17566" started-at="2017-09-12T17:34:10Z" finished-at="2017-09-12T17:34:28Z">
          <reporter-output>
          </reporter-output>
        </test-method> <!-- test01 -->
        <test-method status="PASS" signature="closebrowser()[pri:0, instance:com.SFDCsample.tests.SDFCSample.SampleTest@1e88b3c]" name="closebrowser" is-config="true" duration-ms="380" started-at="2017-09-12T17:34:28Z" finished-at="2017-09-12T17:34:28Z">
          <reporter-output>
          </reporter-output>
        </test-method> <!-- closebrowser -->
      </class> <!-- com.SFDCsample.tests.SDFCSample.SampleTest -->
    </test> <!-- Test -->
  </suite> <!-- Suite -->
</testng-results>
