<?xml version="1.0" encoding="UTF-8"?>
<!-- Generated by org.testng.reporters.JUnitXMLReporter -->
<testsuite hostname="KirubanandR" ignored="0" name="Test" tests="3" failures="0" timestamp="23 Jun 2017 17:22:11 GMT" time="0.032" errors="0">
  <testcase name="setData" time="0.005" classname="com.testing.tesng.Sampletestng"/>
  <testcase name="setData" time="0.002" classname="com.testing.tesng.Sampletestng"/>
  <testcase name="setData" time="0.002" classname="com.testing.tesng.Sampletestng"/>
</testsuite> <!-- Test -->
