<?xml version="1.0" encoding="UTF-8"?>
<testng-results skipped="0" failed="0" total="3" passed="3">
  <reporter-output>
  </reporter-output>
  <suite name="Suite" duration-ms="40" started-at="2017-10-07T15:56:04Z" finished-at="2017-10-07T15:56:04Z">
    <groups>
    </groups>
    <test name="Test" duration-ms="40" started-at="2017-10-07T15:56:04Z" finished-at="2017-10-07T15:56:04Z">
      <class name="com.sample.test.SeleniumSample.SampleTest">
        <test-method status="PASS" signature="test01()[pri:0, instance:com.sample.test.SeleniumSample.SampleTest@55f3ddb1]" name="test01" duration-ms="20" started-at="2017-10-07T21:26:04Z" finished-at="2017-10-07T21:26:04Z">
          <reporter-output>
          </reporter-output>
        </test-method> <!-- test01 -->
        <test-method status="PASS" signature="test02()[pri:0, instance:com.sample.test.SeleniumSample.SampleTest@55f3ddb1]" name="test02" duration-ms="10" started-at="2017-10-07T21:26:04Z" finished-at="2017-10-07T21:26:04Z">
          <reporter-output>
          </reporter-output>
        </test-method> <!-- test02 -->
        <test-method status="PASS" signature="test03()[pri:0, instance:com.sample.test.SeleniumSample.SampleTest@55f3ddb1]" name="test03" duration-ms="0" started-at="2017-10-07T21:26:04Z" finished-at="2017-10-07T21:26:04Z">
          <reporter-output>
          </reporter-output>
        </test-method> <!-- test03 -->
      </class> <!-- com.sample.test.SeleniumSample.SampleTest -->
    </test> <!-- Test -->
  </suite> <!-- Suite -->
</testng-results>
