<?xml version="1.0" encoding="UTF-8"?>
<testng-results skipped="0" failed="0" ignored="0" total="2" passed="2">
  <reporter-output>
  </reporter-output>
  <suite name="Suite" duration-ms="93" started-at="2017-09-17T11:06:51Z" finished-at="2017-09-17T11:06:51Z">
    <groups>
    </groups>
    <test name="sampletest" duration-ms="93" started-at="2017-09-17T11:06:51Z" finished-at="2017-09-17T11:06:51Z">
      <class name="com.SFDC.tests.SalesforceAutomation.Sampletest">
        <test-method status="PASS" signature="test01()[pri:0, instance:com.SFDC.tests.SalesforceAutomation.Sampletest@68c4039c]" name="test01" duration-ms="30" started-at="2017-09-17T16:36:51Z" finished-at="2017-09-17T16:36:51Z">
          <reporter-output>
          </reporter-output>
        </test-method> <!-- test01 -->
        <test-method status="PASS" signature="test02()[pri:0, instance:com.SFDC.tests.SalesforceAutomation.Sampletest@68c4039c]" name="test02" duration-ms="9" started-at="2017-09-17T16:36:51Z" finished-at="2017-09-17T16:36:51Z">
          <reporter-output>
          </reporter-output>
        </test-method> <!-- test02 -->
      </class> <!-- com.SFDC.tests.SalesforceAutomation.Sampletest -->
    </test> <!-- sampletest -->
  </suite> <!-- Suite -->
</testng-results>
