<?xml version="1.0" encoding="UTF-8"?>
<testng-results skipped="0" failed="0" ignored="0" total="1" passed="1">
  <reporter-output>
  </reporter-output>
  <suite name="Default suite" duration-ms="74113" started-at="2017-08-16T12:57:39Z" finished-at="2017-08-16T12:58:53Z">
    <groups>
    </groups>
    <test name="Default test" duration-ms="74113" started-at="2017-08-16T12:57:39Z" finished-at="2017-08-16T12:58:53Z">
      <class name="BasicWebdriverCommands.TakingScreenShot">
        <test-method status="PASS" signature="f()[pri:0, instance:BasicWebdriverCommands.TakingScreenShot@1794d431]" name="f" duration-ms="74082" started-at="2017-08-16T18:27:39Z" finished-at="2017-08-16T18:28:53Z">
          <reporter-output>
          </reporter-output>
        </test-method> <!-- f -->
      </class> <!-- BasicWebdriverCommands.TakingScreenShot -->
    </test> <!-- Default test -->
  </suite> <!-- Default suite -->
</testng-results>
