<?xml version="1.0" encoding="UTF-8"?>
<testng-results skipped="0" failed="0" total="1" passed="1">
  <reporter-output>
  </reporter-output>
  <suite name="Suite" duration-ms="10754" started-at="2013-06-27T17:33:05Z" finished-at="2013-06-27T17:33:16Z">
    <groups>
    </groups>
    <test name="Test" duration-ms="10754" started-at="2013-06-27T17:33:05Z" finished-at="2013-06-27T17:33:16Z">
      <class name="com.crm.testcase.NewTest">
        <test-method status="PASS" signature="f()[pri:0, instance:com.crm.testcase.NewTest@439c92ab]" name="f" duration-ms="10704" started-at="2013-06-27T23:03:05Z" finished-at="2013-06-27T23:03:16Z">
          <reporter-output>
          </reporter-output>
        </test-method> <!-- f -->
      </class> <!-- com.crm.testcase.NewTest -->
    </test> <!-- Test -->
  </suite> <!-- Suite -->
</testng-results>
