<?xml version="1.0" encoding="UTF-8"?>
<testng-results skipped="0" failed="0" ignored="0" total="3" passed="3">
  <reporter-output>
  </reporter-output>
  <suite name="Suite" duration-ms="34" started-at="2017-09-11T07:16:44Z" finished-at="2017-09-11T07:16:44Z">
    <groups>
    </groups>
    <test name="Test" duration-ms="34" started-at="2017-09-11T07:16:44Z" finished-at="2017-09-11T07:16:44Z">
      <class name="com.test.SalesforceAutomationTestng.SampleTest">
        <test-method status="PASS" signature="testone()[pri:0, instance:com.test.SalesforceAutomationTestng.SampleTest@2f7a2457]" name="testone" duration-ms="7" started-at="2017-09-11T12:46:44Z" finished-at="2017-09-11T12:46:44Z">
          <reporter-output>
          </reporter-output>
        </test-method> <!-- testone -->
        <test-method status="PASS" signature="testthrid()[pri:0, instance:com.test.SalesforceAutomationTestng.SampleTest@2f7a2457]" name="testthrid" duration-ms="1" started-at="2017-09-11T12:46:44Z" finished-at="2017-09-11T12:46:44Z">
          <reporter-output>
          </reporter-output>
        </test-method> <!-- testthrid -->
        <test-method status="PASS" signature="testtwo()[pri:0, instance:com.test.SalesforceAutomationTestng.SampleTest@2f7a2457]" name="testtwo" duration-ms="0" started-at="2017-09-11T12:46:44Z" finished-at="2017-09-11T12:46:44Z">
          <reporter-output>
          </reporter-output>
        </test-method> <!-- testtwo -->
      </class> <!-- com.test.SalesforceAutomationTestng.SampleTest -->
    </test> <!-- Test -->
  </suite> <!-- Suite -->
</testng-results>
