<?xml version="1.0" encoding="UTF-8"?>
<testng-results skipped="0" failed="0" ignored="0" total="3" passed="3">
  <reporter-output>
  </reporter-output>
  <suite name="Suite" duration-ms="106" started-at="2017-09-09T17:43:13Z" finished-at="2017-09-09T17:43:13Z">
    <groups>
    </groups>
    <test name="Test" duration-ms="106" started-at="2017-09-09T17:43:13Z" finished-at="2017-09-09T17:43:13Z">
      <class name="com.test.SalesforceAutomationTestng.SampleTest">
        <test-method status="PASS" signature="testone()[pri:0, instance:com.test.SalesforceAutomationTestng.SampleTest@ae45eb6]" name="testone" duration-ms="43" started-at="2017-09-09T23:13:13Z" finished-at="2017-09-09T23:13:13Z">
          <reporter-output>
          </reporter-output>
        </test-method> <!-- testone -->
        <test-method status="PASS" signature="testthrid()[pri:0, instance:com.test.SalesforceAutomationTestng.SampleTest@ae45eb6]" name="testthrid" duration-ms="3" started-at="2017-09-09T23:13:13Z" finished-at="2017-09-09T23:13:13Z">
          <reporter-output>
          </reporter-output>
        </test-method> <!-- testthrid -->
        <test-method status="PASS" signature="testtwo()[pri:0, instance:com.test.SalesforceAutomationTestng.SampleTest@ae45eb6]" name="testtwo" duration-ms="9" started-at="2017-09-09T23:13:13Z" finished-at="2017-09-09T23:13:13Z">
          <reporter-output>
          </reporter-output>
        </test-method> <!-- testtwo -->
      </class> <!-- com.test.SalesforceAutomationTestng.SampleTest -->
    </test> <!-- Test -->
  </suite> <!-- Suite -->
</testng-results>
