<?xml version="1.0" encoding="UTF-8"?>
<!-- Generated by org.testng.reporters.JUnitXMLReporter -->
<testsuite hostname="EN-ManojB" ignored="0" name="Test" tests="2" failures="1" timestamp="09 Dec 2017 03:06:52 GMT" time="0.804" errors="0">
  <testcase name="test1" time="0.108" classname="com.test.sample1.tests.test1"/>
  <testcase name="test2" time="0.037" classname="com.test.sample1.tests.test1">
    <failure type="java.lang.AssertionError">
      <![CDATA[java.lang.AssertionError: 
	at com.test.sample1.tests.test1.test2(test1.java:37)
... Removed 31 stack frames]]>
    </failure>
  </testcase> <!-- test2 -->
</testsuite> <!-- Test -->
