<?xml version="1.0" encoding="UTF-8"?>
<testng-results skipped="0" failed="0" ignored="0" total="2" passed="2">
  <reporter-output>
  </reporter-output>
  <suite name="Suite" duration-ms="64" started-at="2017-09-09T11:51:56Z" finished-at="2017-09-09T11:51:56Z">
    <groups>
    </groups>
    <test name="Test" duration-ms="64" started-at="2017-09-09T11:51:56Z" finished-at="2017-09-09T11:51:56Z">
      <class name="com.test.gmail.test2">
        <test-method status="PASS" signature="f()[pri:0, instance:com.test.gmail.test2@506e6d5e]" name="f" duration-ms="16" started-at="2017-09-09T17:21:56Z" finished-at="2017-09-09T17:21:56Z">
          <reporter-output>
          </reporter-output>
        </test-method> <!-- f -->
        <test-method status="PASS" signature="f1()[pri:0, instance:com.test.gmail.test2@506e6d5e]" name="f1" duration-ms="2" started-at="2017-09-09T17:21:56Z" finished-at="2017-09-09T17:21:56Z">
          <reporter-output>
          </reporter-output>
        </test-method> <!-- f1 -->
      </class> <!-- com.test.gmail.test2 -->
    </test> <!-- Test -->
  </suite> <!-- Suite -->
</testng-results>
