<?xml version="1.0" encoding="UTF-8"?>
<!-- Generated by org.testng.reporters.JUnitXMLReporter -->
<testsuite hostname="KirubanandR" name="Test" tests="2" failures="1" timestamp="7 Oct 2017 17:36:34 GMT" time="0.565" errors="0">
  <testcase name="test1" time="0.356" classname="com.test.sample.tests.test1"/>
  <testcase name="test2" time="0.003" classname="com.test.sample.tests.test1">
    <failure type="java.lang.AssertionError" message="expected [true] but found [false]">
      <![CDATA[java.lang.AssertionError: expected [true] but found [false]
	at com.test.sample.tests.test1.test2(test1.java:40)
... Removed 28 stack frames]]>
    </failure>
  </testcase> <!-- test2 -->
</testsuite> <!-- Test -->
