<?xml version="1.0" encoding="UTF-8"?>
<testng-results skipped="0" failed="0" ignored="0" total="2" passed="2">
  <reporter-output>
  </reporter-output>
  <suite name="Default suite" duration-ms="60240" started-at="2017-09-10T11:13:32Z" finished-at="2017-09-10T11:14:32Z">
    <groups>
    </groups>
    <test name="Default test" duration-ms="60240" started-at="2017-09-10T11:13:32Z" finished-at="2017-09-10T11:14:32Z">
      <class name="com.test.gmail.test">
        <test-method status="PASS" signature="f()[pri:0, instance:com.test.gmail.test@6a41eaa2]" name="f" duration-ms="60162" started-at="2017-09-10T16:43:32Z" finished-at="2017-09-10T16:44:32Z">
          <reporter-output>
          </reporter-output>
        </test-method> <!-- f -->
        <test-method status="PASS" signature="f1()[pri:0, instance:com.test.gmail.test@6a41eaa2]" name="f1" duration-ms="4" started-at="2017-09-10T16:44:32Z" finished-at="2017-09-10T16:44:32Z">
          <reporter-output>
          </reporter-output>
        </test-method> <!-- f1 -->
      </class> <!-- com.test.gmail.test -->
    </test> <!-- Default test -->
  </suite> <!-- Default suite -->
</testng-results>
