<?xml version="1.0" encoding="UTF-8"?>
<!-- Generated by org.testng.reporters.JUnitXMLReporter -->
<testsuite hostname="KirubanandR" ignored="0" name="Test" tests="3" failures="0" timestamp="09 Sep 2017 17:43:13 GMT" time="0.106" errors="0">
  <testcase name="testone" time="0.043" classname="com.test.SalesforceAutomationTestng.SampleTest"/>
  <testcase name="testthrid" time="0.003" classname="com.test.SalesforceAutomationTestng.SampleTest"/>
  <testcase name="testtwo" time="0.009" classname="com.test.SalesforceAutomationTestng.SampleTest"/>
</testsuite> <!-- Test -->
