<?xml version="1.0" encoding="UTF-8"?>
<testng-results skipped="0" failed="0" total="1" passed="1">
  <reporter-output>
  </reporter-output>
  <suite name="Default suite" duration-ms="9494" started-at="2013-06-29T09:42:29Z" finished-at="2013-06-29T09:42:38Z">
    <groups>
    </groups>
    <test name="Default test" duration-ms="9494" started-at="2013-06-29T09:42:29Z" finished-at="2013-06-29T09:42:38Z">
      <class name="com.crm.testcase.NewTest">
        <test-method status="PASS" signature="f()[pri:0, instance:com.crm.testcase.NewTest@4b7a3607]" name="f" duration-ms="9444" started-at="2013-06-29T15:12:29Z" finished-at="2013-06-29T15:12:38Z">
          <reporter-output>
          </reporter-output>
        </test-method> <!-- f -->
      </class> <!-- com.crm.testcase.NewTest -->
    </test> <!-- Default test -->
  </suite> <!-- Default suite -->
</testng-results>
