<?xml version="1.0" encoding="UTF-8"?>
<testng-results skipped="0" failed="0" ignored="0" total="1" passed="1">
  <reporter-output>
  </reporter-output>
  <suite name="Suite" duration-ms="52" started-at="2017-09-12T06:40:28Z" finished-at="2017-09-12T06:40:28Z">
    <groups>
    </groups>
    <test name="Test" duration-ms="52" started-at="2017-09-12T06:40:28Z" finished-at="2017-09-12T06:40:28Z">
      <class name="com.SFDCsample.tests.SDFCSample.SampleTest">
        <test-method status="PASS" signature="test01()[pri:0, instance:com.SFDCsample.tests.SDFCSample.SampleTest@60f82f98]" name="test01" duration-ms="10" started-at="2017-09-12T12:10:28Z" finished-at="2017-09-12T12:10:28Z">
          <reporter-output>
          </reporter-output>
        </test-method> <!-- test01 -->
      </class> <!-- com.SFDCsample.tests.SDFCSample.SampleTest -->
    </test> <!-- Test -->
  </suite> <!-- Suite -->
</testng-results>
